<?xml version="1.0" encoding="UTF-8"?>
<!-- Generated by org.testng.reporters.JUnitXMLReporter -->
<testsuite hostname="Home-PC" name="Testmy2" tests="4" failures="0" timestamp="21 Apr 2016 20:03:31 GMT" time="0.013" errors="0">
  <testcase name="@BeforeClass beforeClass" time="0.0" classname="opentapshw.CreateContact">
    <failure type="org.testng.TestNGException" message="
Method beforeClass requires 1 parameters but 0 were supplied in the @Configuration annotation.">
      <![CDATA[org.testng.TestNGException: 
Method beforeClass requires 1 parameters but 0 were supplied in the @Configuration annotation.
... Removed 22 stack frames]]>
    </failure>
  </testcase> <!-- @BeforeClass beforeClass -->
  <testcase name="@BeforeMethod beforeMethod" time="0.0" classname="opentapshw.CreateContact">
    <skipped/>
  </testcase> <!-- @BeforeMethod beforeMethod -->
  <testcase name="@AfterMethod afterMethod" time="0.0" classname="opentapshw.CreateContact">
    <skipped/>
  </testcase> <!-- @AfterMethod afterMethod -->
  <testcase name="@AfterClass afterClass" time="0.0" classname="opentapshw.CreateContact">
    <skipped/>
  </testcase> <!-- @AfterClass afterClass -->
  <testcase name="@BeforeClass beforeClass" time="0.0" classname="opentapshw.MergeContact">
    <skipped/>
  </testcase> <!-- @BeforeClass beforeClass -->
  <testcase name="@AfterClass afterClass" time="0.0" classname="opentapshw.MergeContact">
    <skipped/>
  </testcase> <!-- @AfterClass afterClass -->
  <testcase name="@BeforeClass beforeClass" time="0.0" classname="opentapshw.EditContact">
    <skipped/>
  </testcase> <!-- @BeforeClass beforeClass -->
  <testcase name="@AfterClass afterClass" time="0.0" classname="opentapshw.EditContact">
    <skipped/>
  </testcase> <!-- @AfterClass afterClass -->
  <testcase name="@BeforeClass beforeClass" time="0.0" classname="opentapshw.DeleteContact">
    <skipped/>
  </testcase> <!-- @BeforeClass beforeClass -->
  <testcase name="@AfterClass afterClass" time="0.0" classname="opentapshw.DeleteContact">
    <skipped/>
  </testcase> <!-- @AfterClass afterClass -->
  <testcase name="createcontact" time="0.001" classname="opentapshw.CreateContact">
    <skipped/>
  </testcase> <!-- createcontact -->
  <testcase name="mergecontact" time="0.0" classname="opentapshw.MergeContact">
    <skipped/>
  </testcase> <!-- mergecontact -->
  <testcase name="editcontact" time="0.0" classname="opentapshw.EditContact">
    <skipped/>
  </testcase> <!-- editcontact -->
  <testcase name="deletecontact" time="0.0" classname="opentapshw.DeleteContact">
    <skipped/>
  </testcase> <!-- deletecontact -->
</testsuite> <!-- Testmy2 -->
